mode: atomic
github.com/dypflying/leakybucket/default_limiter.go:36.42,44.2 6 5
github.com/dypflying/leakybucket/default_limiter.go:46.52,47.14 1 0
github.com/dypflying/leakybucket/default_limiter.go:50.2,50.10 1 0
github.com/dypflying/leakybucket/default_limiter.go:47.14,49.3 1 0
github.com/dypflying/leakybucket/default_limiter.go:53.54,54.14 1 5
github.com/dypflying/leakybucket/default_limiter.go:57.2,57.10 1 5
github.com/dypflying/leakybucket/default_limiter.go:54.14,56.3 1 5
github.com/dypflying/leakybucket/default_limiter.go:60.56,61.14 1 5
github.com/dypflying/leakybucket/default_limiter.go:64.2,64.10 1 5
github.com/dypflying/leakybucket/default_limiter.go:61.14,63.3 1 5
github.com/dypflying/leakybucket/default_limiter.go:67.68,68.14 1 5
github.com/dypflying/leakybucket/default_limiter.go:71.2,71.10 1 5
github.com/dypflying/leakybucket/default_limiter.go:68.14,70.3 1 5
github.com/dypflying/leakybucket/default_limiter.go:74.35,77.16 2 131000
github.com/dypflying/leakybucket/default_limiter.go:82.2,82.12 1 121000
github.com/dypflying/leakybucket/default_limiter.go:77.16,79.3 1 10000
github.com/dypflying/leakybucket/default_limiter.go:79.8,79.22 1 121000
github.com/dypflying/leakybucket/default_limiter.go:79.22,81.3 1 120990
github.com/dypflying/leakybucket/default_limiter.go:88.63,92.17 2 131000
github.com/dypflying/leakybucket/default_limiter.go:95.2,99.6 4 121000
github.com/dypflying/leakybucket/default_limiter.go:126.2,126.16 1 121000
github.com/dypflying/leakybucket/default_limiter.go:131.2,131.15 1 0
github.com/dypflying/leakybucket/default_limiter.go:92.17,94.3 1 10000
github.com/dypflying/leakybucket/default_limiter.go:99.6,107.46 3 121003
github.com/dypflying/leakybucket/default_limiter.go:111.3,114.17 3 121003
github.com/dypflying/leakybucket/default_limiter.go:118.3,118.21 1 121003
github.com/dypflying/leakybucket/default_limiter.go:121.3,121.64 1 121003
github.com/dypflying/leakybucket/default_limiter.go:107.46,109.4 1 4
github.com/dypflying/leakybucket/default_limiter.go:114.17,116.4 1 10
github.com/dypflying/leakybucket/default_limiter.go:118.21,120.4 1 0
github.com/dypflying/leakybucket/default_limiter.go:121.64,123.9 2 121000
github.com/dypflying/leakybucket/default_limiter.go:126.16,129.3 2 121000
github.com/dypflying/leakybucket/zone_limiter.go:43.50,48.2 4 6
github.com/dypflying/leakybucket/zone_limiter.go:50.60,51.14 1 0
github.com/dypflying/leakybucket/zone_limiter.go:54.2,54.10 1 0
github.com/dypflying/leakybucket/zone_limiter.go:51.14,53.3 1 0
github.com/dypflying/leakybucket/zone_limiter.go:57.62,58.14 1 6
github.com/dypflying/leakybucket/zone_limiter.go:61.2,61.10 1 6
github.com/dypflying/leakybucket/zone_limiter.go:58.14,60.3 1 6
github.com/dypflying/leakybucket/zone_limiter.go:64.64,65.14 1 0
github.com/dypflying/leakybucket/zone_limiter.go:68.2,68.10 1 0
github.com/dypflying/leakybucket/zone_limiter.go:65.14,67.3 1 0
github.com/dypflying/leakybucket/zone_limiter.go:71.76,72.14 1 6
github.com/dypflying/leakybucket/zone_limiter.go:75.2,75.10 1 6
github.com/dypflying/leakybucket/zone_limiter.go:72.14,74.3 1 6
github.com/dypflying/leakybucket/zone_limiter.go:78.62,79.28 1 6
github.com/dypflying/leakybucket/zone_limiter.go:91.2,91.12 1 6
github.com/dypflying/leakybucket/zone_limiter.go:79.28,80.39 1 6
github.com/dypflying/leakybucket/zone_limiter.go:83.3,89.29 7 6
github.com/dypflying/leakybucket/zone_limiter.go:80.39,82.4 1 0
github.com/dypflying/leakybucket/zone_limiter.go:94.65,95.28 1 0
github.com/dypflying/leakybucket/zone_limiter.go:101.2,101.12 1 0
github.com/dypflying/leakybucket/zone_limiter.go:95.28,96.40 1 0
github.com/dypflying/leakybucket/zone_limiter.go:99.3,99.24 1 0
github.com/dypflying/leakybucket/zone_limiter.go:96.40,98.4 1 0
github.com/dypflying/leakybucket/zone_limiter.go:104.97,105.28 1 1
github.com/dypflying/leakybucket/zone_limiter.go:105.28,106.39 1 1
github.com/dypflying/leakybucket/zone_limiter.go:106.39,111.4 4 0
github.com/dypflying/leakybucket/zone_limiter.go:111.9,119.4 7 1
github.com/dypflying/leakybucket/zone_limiter.go:123.54,126.16 2 222000
github.com/dypflying/leakybucket/zone_limiter.go:131.2,131.12 1 222000
github.com/dypflying/leakybucket/zone_limiter.go:126.16,128.3 1 0
github.com/dypflying/leakybucket/zone_limiter.go:128.8,128.22 1 222000
github.com/dypflying/leakybucket/zone_limiter.go:128.22,130.3 1 121994
github.com/dypflying/leakybucket/zone_limiter.go:137.82,139.16 1 222000
github.com/dypflying/leakybucket/zone_limiter.go:144.2,149.38 2 222000
github.com/dypflying/leakybucket/zone_limiter.go:155.2,155.20 1 122000
github.com/dypflying/leakybucket/zone_limiter.go:159.2,163.6 4 122000
github.com/dypflying/leakybucket/zone_limiter.go:190.2,190.19 1 122000
github.com/dypflying/leakybucket/zone_limiter.go:194.2,194.15 1 0
github.com/dypflying/leakybucket/zone_limiter.go:139.16,142.3 1 0
github.com/dypflying/leakybucket/zone_limiter.go:149.38,151.3 1 122000
github.com/dypflying/leakybucket/zone_limiter.go:151.8,153.3 1 100000
github.com/dypflying/leakybucket/zone_limiter.go:155.20,157.3 1 0
github.com/dypflying/leakybucket/zone_limiter.go:163.6,171.46 3 122000
github.com/dypflying/leakybucket/zone_limiter.go:175.3,178.17 3 122000
github.com/dypflying/leakybucket/zone_limiter.go:182.3,182.21 1 122000
github.com/dypflying/leakybucket/zone_limiter.go:185.3,185.67 1 122000
github.com/dypflying/leakybucket/zone_limiter.go:171.46,173.4 1 5
github.com/dypflying/leakybucket/zone_limiter.go:178.17,180.4 1 6
github.com/dypflying/leakybucket/zone_limiter.go:182.21,184.4 1 0
github.com/dypflying/leakybucket/zone_limiter.go:185.67,187.9 2 122000
github.com/dypflying/leakybucket/zone_limiter.go:190.19,193.3 2 122000
